<?xml version="1.0" encoding="UTF-8"?>
<!-- Generated by org.testng.reporters.JUnitXMLReporter -->
<testsuite ignored="3" hostname="SASE" failures="0" tests="1" name="Default test" time="12.502" errors="0" timestamp="2022-11-21T17:13:59 IST">
  <testcase classname="com.magentoE_commerce.test.TC_001_VerifyTitle" name="clickMobileTab" time="4.924"/>
  <testcase classname="com.magentoE_commerce.test.TC_001_VerifyTitle" name="sortByDropdown" time="0.0">
    <ignored/>
  </testcase> <!-- sortByDropdown -->
  <testcase classname="com.magentoE_commerce.test.TC_001_VerifyTitle" name="verifyTitleMobile" time="0.0">
    <ignored/>
  </testcase> <!-- verifyTitleMobile -->
  <testcase classname="com.magentoE_commerce.test.TC_001_VerifyTitle" name="verifyTitle" time="0.0">
    <ignored/>
  </testcase> <!-- verifyTitle -->
</testsuite> <!-- Default test -->
