<?xml version="1.0" encoding="UTF-8"?>
<testng-results ignored="3" total="4" passed="1" failed="0" skipped="0">
  <reporter-output>
  </reporter-output>
  <suite started-at="2022-11-21T17:13:46 IST" name="Default suite" finished-at="2022-11-21T17:13:59 IST" duration-ms="12502">
    <groups>
    </groups>
    <test started-at="2022-11-21T17:13:46 IST" name="Default test" finished-at="2022-11-21T17:13:59 IST" duration-ms="12502">
      <class name="com.magentoE_commerce.test.TC_001_VerifyTitle">
        <test-method is-config="true" signature="readConfiguration()[pri:0, instance:com.magentoE_commerce.test.TC_001_VerifyTitle@5119fb47]" started-at="2022-11-21T17:13:46 IST" name="readConfiguration" finished-at="2022-11-21T17:13:46 IST" duration-ms="5" status="PASS">
          <reporter-output>
          </reporter-output>
        </test-method> <!-- readConfiguration -->
        <test-method is-config="true" signature="launchApp()[pri:0, instance:com.magentoE_commerce.test.TC_001_VerifyTitle@5119fb47]" started-at="2022-11-21T17:13:46 IST" name="launchApp" finished-at="2022-11-21T17:13:54 IST" duration-ms="7555" status="PASS">
          <reporter-output>
          </reporter-output>
        </test-method> <!-- launchApp -->
        <test-method signature="clickMobileTab()[pri:1, instance:com.magentoE_commerce.test.TC_001_VerifyTitle@5119fb47]" started-at="2022-11-21T17:13:54 IST" name="clickMobileTab" finished-at="2022-11-21T17:13:59 IST" duration-ms="4924" status="PASS">
          <reporter-output>
          </reporter-output>
        </test-method> <!-- clickMobileTab -->
      </class> <!-- com.magentoE_commerce.test.TC_001_VerifyTitle -->
    </test> <!-- Default test -->
  </suite> <!-- Default suite -->
</testng-results>
